[debug] [2026-05-08T09:13:55.183Z] ----------------------------------------------------------------------
[debug] [2026-05-08T09:13:55.189Z] Command:       C:\Program Files\nodejs\node.exe C:\Users\saksi\AppData\Roaming\npm\node_modules\firebase-tools\lib\bin\firebase.js projects:create journal-8916f
[debug] [2026-05-08T09:13:55.189Z] CLI Version:   15.9.1
[debug] [2026-05-08T09:13:55.189Z] Platform:      win32
[debug] [2026-05-08T09:13:55.189Z] Node Version:  v24.15.0
[debug] [2026-05-08T09:13:55.189Z] Time:          Fri May 08 2026 16:13:55 GMT+0700 (Krasnoyarsk Standard Time)
[debug] [2026-05-08T09:13:55.189Z] ----------------------------------------------------------------------
[debug] 
[debug] [2026-05-08T09:13:55.314Z] > command requires scopes: ["email","openid","https://www.googleapis.com/auth/cloudplatformprojects.readonly","https://www.googleapis.com/auth/firebase","https://www.googleapis.com/auth/cloud-platform"]
[debug] [2026-05-08T09:13:55.314Z] > authorizing via signed-in user (saksithlove@gmail.com)
[debug] [2026-05-08T09:14:01.536Z] Checked if tokens are valid: true, expires at: 1778234468458
[debug] [2026-05-08T09:14:01.536Z] Checked if tokens are valid: true, expires at: 1778234468458
[debug] [2026-05-08T09:14:01.537Z] >>> [apiv2][query] POST https://cloudresourcemanager.googleapis.com/v1/projects [none]
[debug] [2026-05-08T09:14:01.538Z] >>> [apiv2][body] POST https://cloudresourcemanager.googleapis.com/v1/projects {"projectId":"journal-8916f","name":"journal-8916f"}
[debug] [2026-05-08T09:14:02.006Z] <<< [apiv2][status] POST https://cloudresourcemanager.googleapis.com/v1/projects 409
[debug] [2026-05-08T09:14:02.006Z] <<< [apiv2][body] POST https://cloudresourcemanager.googleapis.com/v1/projects {"error":{"code":409,"message":"Requested entity already exists","status":"ALREADY_EXISTS"}}
[debug] [2026-05-08T09:14:02.146Z] FirebaseError: Request to https://cloudresourcemanager.googleapis.com/v1/projects had HTTP Error: 409, Requested entity already exists
    at responseToError (C:\Users\saksi\AppData\Roaming\npm\node_modules\firebase-tools\lib\responseToError.js:53:12)
    at RetryOperation._fn (C:\Users\saksi\AppData\Roaming\npm\node_modules\firebase-tools\lib\apiv2.js:333:77)
    at process.processTicksAndRejections (node:internal/process/task_queues:104:5)
[error] 
[error] Error: Failed to create project because there is already a project with ID journal-8916f. Please try again with a unique project ID.
